#
# A fatal error has been detected by the Java Runtime Environment:
#
#  EXCEPTION_ACCESS_VIOLATION (0xc0000005) at pc=0x514b9ab1, pid=2204, tid=0x000026ac
#
# JRE version: Java(TM) SE Runtime Environment (8.0_144-b01) (build 1.8.0_144-b01)
# Java VM: Java HotSpot(TM) Client VM (25.144-b01 mixed mode windows-x86 )
# Problematic frame:
# C  [awt.dll+0xa9ab1]
#
# Failed to write core dump. Minidumps are not enabled by default on client versions of Windows
#
# If you would like to submit a bug report, please visit:
#   http://bugreport.java.com/bugreport/crash.jsp
# The crash happened outside the Java Virtual Machine in native code.
# See problematic frame for where to report the bug.
#

---------------  T H R E A D  ---------------

Current thread (0x08459000):  JavaThread "AWT-EventQueue-0" [_thread_in_native, id=9900, stack(0x09510000,0x09560000)]

siginfo: ExceptionCode=0xc0000005, reading address 0x00000004

Registers:
EAX=0x0000000d, EBX=0xb9012497, ECX=0x00000000, EDX=0x00d36e28
ESP=0x0955ded8, EBP=0x77026870, ESI=0x0b565020, EDI=0x0b48f158
EIP=0x514b9ab1, EFLAGS=0x00010217

Top of Stack: (sp=0x0955ded8)
0x0955ded8:   5143e936 b9012497 0b48f158 08459140
0x0955dee8:   0955dfa8 0955e460 5146b333 08459140
0x0955def8:   0b48f158 0955e460 5146b34a 00000001
0x0955df08:   00000000 00000000 5143bb85 08459140
0x0955df18:   0955e460 08459000 00000000 00000000
0x0955df28:   0955df48 04c49a53 0b742d38 0bc09d48
0x0955df38:   0955e464 08459140 0b742d38 00000001
0x0955df48:   0955dfd8 04d907fc ffffffff 0955df54 

Instructions: (pc=0x514b9ab1)
0x514b9a91:   00 00 c3 8b 41 04 8b 80 0c 0c 00 00 c3 8b 01 83
0x514b9aa1:   78 04 08 7e 03 33 c0 c3 8b 49 04 e9 e4 eb fe ff
0x514b9ab1:   8b 49 04 85 c9 74 05 e9 f2 e9 fe ff 33 c0 c2 04
0x514b9ac1:   00 8b 49 04 85 c9 74 05 e9 07 ea fe ff c2 04 00 


Register to memory mapping:

EAX=0x0000000d is an unknown value
EBX=0xb9012497 is an unknown value
ECX=0x00000000 is an unknown value
EDX=0x00d36e28 is an unknown value
ESP=0x0955ded8 is pointing into the stack for thread: 0x08459000
EBP=0x77026870 is an unknown value
ESI=0x0b565020 is an unknown value
EDI=0x0b48f158 is an unknown value


Stack: [0x09510000,0x09560000],  sp=0x0955ded8,  free space=311k
Native frames: (J=compiled Java code, j=interpreted, Vv=VM code, C=native code)
C  [awt.dll+0xa9ab1]

Java frames: (J=compiled Java code, j=interpreted, Vv=VM code)
J 3428  sun.java2d.windows.GDIBlitLoops.nativeBlit(Lsun/java2d/SurfaceData;Lsun/java2d/SurfaceData;Lsun/java2d/pipe/Region;IIIIIIIIIZ)V (0 bytes) @ 0x05096118 [0x05096050+0xc8]
J 22695 C1 sun.java2d.windows.GDIBlitLoops.Blit(Lsun/java2d/SurfaceData;Lsun/java2d/SurfaceData;Ljava/awt/Composite;Lsun/java2d/pipe/Region;IIIIII)V (37 bytes) @ 0x04deec18 [0x04deeb80+0x98]
J 22638 C1 sun.java2d.pipe.DrawImage.blitSurfaceData(Lsun/java2d/SunGraphics2D;Lsun/java2d/pipe/Region;Lsun/java2d/SurfaceData;Lsun/java2d/SurfaceData;Lsun/java2d/loops/SurfaceType;Lsun/java2d/loops/SurfaceType;IIIIIILjava/awt/Color;)V (145 bytes) @ 0x050d9980 [0x050d9760+0x220]
J 22648 C1 sun.java2d.pipe.DrawImage.renderImageCopy(Lsun/java2d/SunGraphics2D;Ljava/awt/Image;Ljava/awt/Color;IIIIII)Z (147 bytes) @ 0x04c5e95c [0x04c5e840+0x11c]
J 22646 C1 sun.java2d.pipe.DrawImage.copyImage(Lsun/java2d/SunGraphics2D;Ljava/awt/Image;IILjava/awt/Color;)Z (105 bytes) @ 0x050e7170 [0x050e6f90+0x1e0]
J 22645 C1 sun.java2d.pipe.DrawImage.copyImage(Lsun/java2d/SunGraphics2D;Ljava/awt/Image;IILjava/awt/Color;Ljava/awt/image/ImageObserver;)Z (60 bytes) @ 0x050de0e8 [0x050ddf80+0x168]
J 22657 C1 sun.java2d.pipe.ValidatePipe.copyImage(Lsun/java2d/SunGraphics2D;Ljava/awt/Image;IILjava/awt/Color;Ljava/awt/image/ImageObserver;)Z (29 bytes) @ 0x04ffb168 [0x04ffb0f0+0x78]
J 22643 C1 sun.java2d.SunGraphics2D.drawImage(Ljava/awt/Image;IILjava/awt/Color;Ljava/awt/image/ImageObserver;)Z (145 bytes) @ 0x050e778c [0x050e7590+0x1fc]
J 22637 C1 sun.java2d.SunGraphics2D.drawImage(Ljava/awt/Image;IILjava/awt/image/ImageObserver;)Z (11 bytes) @ 0x04c4fa00 [0x04c4f9c0+0x40]
J 18882 C1 javax.swing.RepaintManager$PaintManager.paintDoubleBuffered(Ljavax/swing/JComponent;Ljava/awt/Image;Ljava/awt/Graphics;IIII)V (294 bytes) @ 0x04dbdd08 [0x04dbdb60+0x1a8]
J 18892 C1 javax.swing.RepaintManager$PaintManager.paint(Ljavax/swing/JComponent;Ljavax/swing/JComponent;Ljava/awt/Graphics;IIII)Z (189 bytes) @ 0x04c3044c [0x04c30210+0x23c]
J 18906 C1 javax.swing.RepaintManager.paint(Ljavax/swing/JComponent;Ljavax/swing/JComponent;Ljava/awt/Graphics;IIII)V (93 bytes) @ 0x04df2d30 [0x04df2b40+0x1f0]
J 22345 C1 javax.swing.JComponent.paint(Ljava/awt/Graphics;)V (409 bytes) @ 0x04c160b4 [0x04c15d50+0x364]
j  java.awt.GraphicsCallback$PaintCallback.run(Ljava/awt/Component;Ljava/awt/Graphics;)V+2
j  sun.awt.SunGraphicsCallback.runOneComponent(Ljava/awt/Component;Ljava/awt/Rectangle;Ljava/awt/Graphics;Ljava/awt/Shape;I)V+155
j  sun.awt.SunGraphicsCallback.runComponents([Ljava/awt/Component;Ljava/awt/Graphics;I)V+194
j  java.awt.Container.paint(Ljava/awt/Graphics;)V+58
j  java.awt.Window.paint(Ljava/awt/Graphics;)V+68
J 18921 C1 javax.swing.RepaintManager$4.run()Ljava/lang/Void; (278 bytes) @ 0x04f1aef4 [0x04f1ac20+0x2d4]
J 18920 C1 javax.swing.RepaintManager$4.run()Ljava/lang/Object; (5 bytes) @ 0x04f2c2a0 [0x04f2c280+0x20]
v  ~StubRoutines::call_stub
J 1952  java.security.AccessController.doPrivileged(Ljava/security/PrivilegedAction;Ljava/security/AccessControlContext;)Ljava/lang/Object; (0 bytes) @ 0x04ed90c7 [0x04ed9060+0x67]
J 18889 C1 javax.swing.RepaintManager.paintDirtyRegions(Ljava/util/Map;)V (196 bytes) @ 0x04c3163c [0x04c31260+0x3dc]
J 18905 C1 javax.swing.RepaintManager.paintDirtyRegions()V (50 bytes) @ 0x04c2fe24 [0x04c2fce0+0x144]
J 18901 C1 javax.swing.RepaintManager.prePaintDirtyRegions()V (91 bytes) @ 0x04daea74 [0x04dae8b0+0x1c4]
J 18903 C1 javax.swing.RepaintManager$ProcessingRunnable.run()V (41 bytes) @ 0x04c25c64 [0x04c25b30+0x134]
J 17860 C1 java.awt.event.InvocationEvent.dispatch()V (69 bytes) @ 0x04f2139c [0x04f212b0+0xec]
J 17859 C1 java.awt.EventQueue.dispatchEventImpl(Ljava/awt/AWTEvent;Ljava/lang/Object;)V (149 bytes) @ 0x04e03c0c [0x04e03750+0x4bc]
J 17856 C1 java.awt.EventQueue$3.run()Ljava/lang/Void; (60 bytes) @ 0x04dac81c [0x04dac7c0+0x5c]
J 17855 C1 java.awt.EventQueue$3.run()Ljava/lang/Object; (5 bytes) @ 0x04e09b20 [0x04e09b00+0x20]
v  ~StubRoutines::call_stub
J 1952  java.security.AccessController.doPrivileged(Ljava/security/PrivilegedAction;Ljava/security/AccessControlContext;)Ljava/lang/Object; (0 bytes) @ 0x04ed90c7 [0x04ed9060+0x67]
J 17853 C1 java.awt.EventQueue.dispatchEvent(Ljava/awt/AWTEvent;)V (80 bytes) @ 0x04c6df08 [0x04c6dd00+0x208]
J 2108 C1 java.awt.EventDispatchThread.pumpOneEventForFilters(I)V (295 bytes) @ 0x04f053d0 [0x04f04d40+0x690]
J 3332% C1 java.awt.EventDispatchThread.pumpEventsForFilter(ILjava/awt/Conditional;Ljava/awt/EventFilter;)V (47 bytes) @ 0x050bc6f0 [0x050bc640+0xb0]
j  java.awt.EventDispatchThread.pumpEventsForHierarchy(ILjava/awt/Conditional;Ljava/awt/Component;)V+11
j  java.awt.EventDispatchThread.pumpEvents(ILjava/awt/Conditional;)V+4
j  java.awt.EventDispatchThread.pumpEvents(Ljava/awt/Conditional;)V+3
j  java.awt.EventDispatchThread.run()V+9
v  ~StubRoutines::call_stub

---------------  P R O C E S S  ---------------

Java Threads: ( => current thread )
  0x08458c00 JavaThread "DestroyJavaVM" [_thread_blocked, id=15004, stack(0x012a0000,0x012f0000)]
  0x08459800 JavaThread "TimerQueue" daemon [_thread_blocked, id=13948, stack(0x0a930000,0x0a980000)]
  0x08458400 JavaThread "Batik CleanerThread" daemon [_thread_blocked, id=11172, stack(0x095e0000,0x09630000)]
=>0x08459000 JavaThread "AWT-EventQueue-0" [_thread_in_native, id=9900, stack(0x09510000,0x09560000)]
  0x0b243800 JavaThread "AWT-Shutdown" [_thread_blocked, id=16924, stack(0x08a50000,0x08aa0000)]
  0x0b242c00 JavaThread "Timer-0" [_thread_blocked, id=3144, stack(0x092d0000,0x09320000)]
  0x0b243000 JavaThread "JmDNS(LastLegionnaire.local.).State.Timer" daemon [_thread_blocked, id=9152, stack(0x09240000,0x09290000)]
  0x0b242400 JavaThread "JmDNS(LastLegionnaire.local.).Timer" daemon [_thread_blocked, id=10872, stack(0x091b0000,0x09200000)]
  0x0b243c00 JavaThread "SocketListener(LastLegionnaire.local.)" daemon [_thread_in_native, id=5012, stack(0x09120000,0x09170000)]
  0x0b211000 JavaThread "JmDNS(LastLegionnaire.local.).State.Timer" daemon [_thread_blocked, id=3852, stack(0x09000000,0x09050000)]
  0x0b210800 JavaThread "JmDNS(LastLegionnaire.local.).Timer" daemon [_thread_blocked, id=11556, stack(0x08f70000,0x08fc0000)]
  0x0b210400 JavaThread "SocketListener(LastLegionnaire.local.)" daemon [_thread_in_native, id=1900, stack(0x08ea0000,0x08ef0000)]
  0x0b1f7400 JavaThread "Multihomed mDNS.Timer" daemon [_thread_blocked, id=15632, stack(0x08cc0000,0x08d10000)]
  0x0b1f6400 JavaThread "cc.arduino.packages.discoverers.serial.SerialBoardsLister" [_thread_blocked, id=8568, stack(0x08c30000,0x08c80000)]
  0x085fc400 JavaThread "AWT-Windows" daemon [_thread_in_native, id=17348, stack(0x08ae0000,0x08b30000)]
  0x085fac00 JavaThread "Java2D Disposer" daemon [_thread_blocked, id=9420, stack(0x089c0000,0x08a10000)]
  0x07644000 JavaThread "Service Thread" daemon [_thread_blocked, id=2612, stack(0x082b0000,0x08300000)]
  0x0763f000 JavaThread "C1 CompilerThread0" daemon [_thread_blocked, id=8328, stack(0x08220000,0x08270000)]
  0x0763d800 JavaThread "Attach Listener" daemon [_thread_blocked, id=12516, stack(0x08190000,0x081e0000)]
  0x0763b800 JavaThread "Signal Dispatcher" daemon [_thread_blocked, id=1340, stack(0x08100000,0x08150000)]
  0x0762a000 JavaThread "Finalizer" daemon [_thread_blocked, id=5716, stack(0x07170000,0x071c0000)]
  0x07614400 JavaThread "Reference Handler" daemon [_thread_blocked, id=16260, stack(0x070e0000,0x07130000)]

Other Threads:
  0x0127e000 VMThread [stack: 0x06fb0000,0x07000000] [id=10440]
  0x07647800 WatcherThread [stack: 0x08340000,0x08390000] [id=6588]

VM state:not at safepoint (normal execution)

VM Mutex/Monitor currently owned by a thread: None

Heap:
 def new generation   total 50176K, used 16005K [0x10400000, 0x13a70000, 0x1aea0000)
  eden space 44608K,  34% used [0x10400000, 0x112f0540, 0x12f90000)
  from space 5568K,  12% used [0x12f90000, 0x130410e8, 0x13500000)
  to   space 5568K,   0% used [0x13500000, 0x13500000, 0x13a70000)
 tenured generation   total 111376K, used 100626K [0x1aea0000, 0x21b64000, 0x30400000)
   the space 111376K,  90% used [0x1aea0000, 0x210e4810, 0x210e4a00, 0x21b64000)
 Metaspace       used 19591K, capacity 20237K, committed 20608K, reserved 20864K

Card table byte_map: [0x04970000,0x04a80000] byte_map_base: 0x048ee000

Polling page: 0x00bf0000

CodeCache: size=32768Kb used=2610Kb max_used=5834Kb free=30158Kb
 bounds [0x04b50000, 0x05108000, 0x06b50000]
 total_blobs=1673 nmethods=1392 adapters=208
 compilation: enabled

Compilation events (10 events):
Event: 81741.824 Thread 0x0763f000 23806             sun.font.CompositeStrike::getStrikeForGlyph (9 bytes)
Event: 81741.824 Thread 0x0763f000 nmethod 23806 0x04c2d708 code [0x04c2d800, 0x04c2d88c]
Event: 81741.824 Thread 0x0763f000 23807             sun.font.StandardGlyphVector$GlyphStrike::addDefaultGlyphAdvance (46 bytes)
Event: 81741.824 Thread 0x0763f000 nmethod 23807 0x050bddc8 code [0x050bded0, 0x050bdfbc]
Event: 81741.824 Thread 0x0763f000 23808             sun.font.StandardGlyphVector::getDefaultStrike (48 bytes)
Event: 81741.824 Thread 0x0763f000 nmethod 23808 0x050bcfc8 code [0x050bd0e0, 0x050bd2ac]
Event: 81741.824 Thread 0x0763f000 23809             sun.font.StandardGlyphVector::getGlyphStrike (21 bytes)
Event: 81741.824 Thread 0x0763f000 nmethod 23809 0x050bcd48 code [0x050bce60, 0x050bcf28]
Event: 81741.824 Thread 0x0763f000 23810             sun.font.CompositeGlyphMapper::getCachedGlyphCode (32 bytes)
Event: 81741.824 Thread 0x0763f000 nmethod 23810 0x04d0f588 code [0x04d0f690, 0x04d0f790]

GC Heap History (10 events):
Event: 80989.902 GC heap before
{Heap before GC invocations=290 (full 4):
 def new generation   total 50176K, used 38608K [0x10400000, 0x13a70000, 0x1aea0000)
  eden space 44608K,  85% used [0x10400000, 0x1294ea48, 0x12f90000)
  from space 5568K,   7% used [0x13500000, 0x13565658, 0x13a70000)
  to   space 5568K,   0% used [0x12f90000, 0x12f90000, 0x13500000)
 tenured generation   total 111376K, used 74907K [0x1aea0000, 0x21b64000, 0x30400000)
   the space 111376K,  67% used [0x1aea0000, 0x1f7c6c80, 0x1f7c6e00, 0x21b64000)
 Metaspace       used 19591K, capacity 20237K, committed 20608K, reserved 20864K
Event: 80989.905 GC heap after
Heap after GC invocations=291 (full 4):
 def new generation   total 50176K, used 1042K [0x10400000, 0x13a70000, 0x1aea0000)
  eden space 44608K,   0% used [0x10400000, 0x10400000, 0x12f90000)
  from space 5568K,  18% used [0x12f90000, 0x130949e8, 0x13500000)
  to   space 5568K,   0% used [0x13500000, 0x13500000, 0x13a70000)
 tenured generation   total 111376K, used 86820K [0x1aea0000, 0x21b64000, 0x30400000)
   the space 111376K,  77% used [0x1aea0000, 0x20369350, 0x20369400, 0x21b64000)
 Metaspace       used 19591K, capacity 20237K, committed 20608K, reserved 20864K
}
Event: 81029.380 GC heap before
{Heap before GC invocations=291 (full 4):
 def new generation   total 50176K, used 45650K [0x10400000, 0x13a70000, 0x1aea0000)
  eden space 44608K, 100% used [0x10400000, 0x12f90000, 0x12f90000)
  from space 5568K,  18% used [0x12f90000, 0x130949e8, 0x13500000)
  to   space 5568K,   0% used [0x13500000, 0x13500000, 0x13a70000)
 tenured generation   total 111376K, used 86820K [0x1aea0000, 0x21b64000, 0x30400000)
   the space 111376K,  77% used [0x1aea0000, 0x20369350, 0x20369400, 0x21b64000)
 Metaspace       used 19591K, capacity 20237K, committed 20608K, reserved 20864K
Event: 81029.384 GC heap after
Heap after GC invocations=292 (full 4):
 def new generation   total 50176K, used 1972K [0x10400000, 0x13a70000, 0x1aea0000)
  eden space 44608K,   0% used [0x10400000, 0x10400000, 0x12f90000)
  from space 5568K,  35% used [0x13500000, 0x136ed3e8, 0x13a70000)
  to   space 5568K,   0% used [0x12f90000, 0x12f90000, 0x13500000)
 tenured generation   total 111376K, used 100626K [0x1aea0000, 0x21b64000, 0x30400000)
   the space 111376K,  90% used [0x1aea0000, 0x210e4810, 0x210e4a00, 0x21b64000)
 Metaspace       used 19591K, capacity 20237K, committed 20608K, reserved 20864K
}
Event: 81190.629 GC heap before
{Heap before GC invocations=292 (full 4):
 def new generation   total 50176K, used 46580K [0x10400000, 0x13a70000, 0x1aea0000)
  eden space 44608K, 100% used [0x10400000, 0x12f90000, 0x12f90000)
  from space 5568K,  35% used [0x13500000, 0x136ed3e8, 0x13a70000)
  to   space 5568K,   0% used [0x12f90000, 0x12f90000, 0x13500000)
 tenured generation   total 111376K, used 100626K [0x1aea0000, 0x21b64000, 0x30400000)
   the space 111376K,  90% used [0x1aea0000, 0x210e4810, 0x210e4a00, 0x21b64000)
 Metaspace       used 19591K, capacity 20237K, committed 20608K, reserved 20864K
Event: 81190.631 GC heap after
Heap after GC invocations=293 (full 4):
 def new generation   total 50176K, used 1566K [0x10400000, 0x13a70000, 0x1aea0000)
  eden space 44608K,   0% used [0x10400000, 0x10400000, 0x12f90000)
  from space 5568K,  28% used [0x12f90000, 0x13117988, 0x13500000)
  to   space 5568K,   0% used [0x13500000, 0x13500000, 0x13a70000)
 tenured generation   total 111376K, used 100626K [0x1aea0000, 0x21b64000, 0x30400000)
   the space 111376K,  90% used [0x1aea0000, 0x210e4810, 0x210e4a00, 0x21b64000)
 Metaspace       used 19591K, capacity 20237K, committed 20608K, reserved 20864K
}
Event: 81494.322 GC heap before
{Heap before GC invocations=293 (full 4):
 def new generation   total 50176K, used 46174K [0x10400000, 0x13a70000, 0x1aea0000)
  eden space 44608K, 100% used [0x10400000, 0x12f90000, 0x12f90000)
  from space 5568K,  28% used [0x12f90000, 0x13117988, 0x13500000)
  to   space 5568K,   0% used [0x13500000, 0x13500000, 0x13a70000)
 tenured generation   total 111376K, used 100626K [0x1aea0000, 0x21b64000, 0x30400000)
   the space 111376K,  90% used [0x1aea0000, 0x210e4810, 0x210e4a00, 0x21b64000)
 Metaspace       used 19591K, capacity 20237K, committed 20608K, reserved 20864K
Event: 81494.323 GC heap after
Heap after GC invocations=294 (full 4):
 def new generation   total 50176K, used 703K [0x10400000, 0x13a70000, 0x1aea0000)
  eden space 44608K,   0% used [0x10400000, 0x10400000, 0x12f90000)
  from space 5568K,  12% used [0x13500000, 0x135afea8, 0x13a70000)
  to   space 5568K,   0% used [0x12f90000, 0x12f90000, 0x13500000)
 tenured generation   total 111376K, used 100626K [0x1aea0000, 0x21b64000, 0x30400000)
   the space 111376K,  90% used [0x1aea0000, 0x210e4810, 0x210e4a00, 0x21b64000)
 Metaspace       used 19591K, capacity 20237K, committed 20608K, reserved 20864K
}
Event: 81741.793 GC heap before
{Heap before GC invocations=294 (full 4):
 def new generation   total 50176K, used 37892K [0x10400000, 0x13a70000, 0x1aea0000)
  eden space 44608K,  83% used [0x10400000, 0x12851360, 0x12f90000)
  from space 5568K,  12% used [0x13500000, 0x135afea8, 0x13a70000)
  to   space 5568K,   0% used [0x12f90000, 0x12f90000, 0x13500000)
 tenured generation   total 111376K, used 100626K [0x1aea0000, 0x21b64000, 0x30400000)
   the space 111376K,  90% used [0x1aea0000, 0x210e4810, 0x210e4a00, 0x21b64000)
 Metaspace       used 19591K, capacity 20237K, committed 20608K, reserved 20864K
Event: 81741.794 GC heap after
Heap after GC invocations=295 (full 4):
 def new generation   total 50176K, used 708K [0x10400000, 0x13a70000, 0x1aea0000)
  eden space 44608K,   0% used [0x10400000, 0x10400000, 0x12f90000)
  from space 5568K,  12% used [0x12f90000, 0x130410e8, 0x13500000)
  to   space 5568K,   0% used [0x13500000, 0x13500000, 0x13a70000)
 tenured generation   total 111376K, used 100626K [0x1aea0000, 0x21b64000, 0x30400000)
   the space 111376K,  90% used [0x1aea0000, 0x210e4810, 0x210e4a00, 0x21b64000)
 Metaspace       used 19591K, capacity 20237K, committed 20608K, reserved 20864K
}

Deoptimization events (0 events):
No events

Internal exceptions (10 events):
Event: 81122.857 Thread 0x0845a400 Exception <a 'sun/nio/fs/WindowsException'> (0x125f7620) thrown at [C:\workspace\8-2-build-windows-i586-cygwin\jdk8u144\9417\hotspot\src\share\vm\prims\jni.cpp, line 709]
Event: 81122.857 Thread 0x0845a400 Exception <a 'sun/nio/fs/WindowsException'> (0x125f7c40) thrown at [C:\workspace\8-2-build-windows-i586-cygwin\jdk8u144\9417\hotspot\src\share\vm\prims\jni.cpp, line 709]
Event: 81122.858 Thread 0x0845a400 Exception <a 'sun/nio/fs/WindowsException'> (0x12605840) thrown at [C:\workspace\8-2-build-windows-i586-cygwin\jdk8u144\9417\hotspot\src\share\vm\prims\jni.cpp, line 709]
Event: 81122.858 Thread 0x0845a400 Exception <a 'sun/nio/fs/WindowsException'> (0x12605e38) thrown at [C:\workspace\8-2-build-windows-i586-cygwin\jdk8u144\9417\hotspot\src\share\vm\prims\jni.cpp, line 709]
Event: 81122.859 Thread 0x0845a400 Exception <a 'sun/nio/fs/WindowsException'> (0x12610328) thrown at [C:\workspace\8-2-build-windows-i586-cygwin\jdk8u144\9417\hotspot\src\share\vm\prims\jni.cpp, line 709]
Event: 81122.859 Thread 0x0845a400 Exception <a 'sun/nio/fs/WindowsException'> (0x12610998) thrown at [C:\workspace\8-2-build-windows-i586-cygwin\jdk8u144\9417\hotspot\src\share\vm\prims\jni.cpp, line 709]
Event: 81122.860 Thread 0x0845a400 Exception <a 'sun/nio/fs/WindowsException'> (0x1261ab98) thrown at [C:\workspace\8-2-build-windows-i586-cygwin\jdk8u144\9417\hotspot\src\share\vm\prims\jni.cpp, line 709]
Event: 81122.860 Thread 0x0845a400 Exception <a 'sun/nio/fs/WindowsException'> (0x1261b190) thrown at [C:\workspace\8-2-build-windows-i586-cygwin\jdk8u144\9417\hotspot\src\share\vm\prims\jni.cpp, line 709]
Event: 81122.861 Thread 0x0845a400 Exception <a 'sun/nio/fs/WindowsException'> (0x126250c0) thrown at [C:\workspace\8-2-build-windows-i586-cygwin\jdk8u144\9417\hotspot\src\share\vm\prims\jni.cpp, line 709]
Event: 81122.861 Thread 0x0845a400 Exception <a 'sun/nio/fs/WindowsException'> (0x126256c8) thrown at [C:\workspace\8-2-build-windows-i586-cygwin\jdk8u144\9417\hotspot\src\share\vm\prims\jni.cpp, line 709]

Events (10 events):
Event: 81678.990 Thread 0x0763f000 flushing nmethod 0x050dc2c8
Event: 81678.990 Thread 0x0763f000 flushing nmethod 0x050dd688
Event: 81678.990 Thread 0x0763f000 flushing nmethod 0x050e7e88
Event: 81740.972 Thread 0x0763f000 flushing nmethod 0x04c27348
Event: 81741.793 Executing VM operation: GenCollectForAllocation
Event: 81741.795 Executing VM operation: GenCollectForAllocation done
Event: 81741.802 Thread 0x0763f000 flushing nmethod 0x04c26748
Event: 81741.802 Thread 0x0763f000 flushing nmethod 0x04c52208
Event: 81741.809 Thread 0x0763f000 flushing nmethod 0x04e088c8
Event: 81741.810 Thread 0x0763f000 flushing nmethod 0x04fc98c8


Dynamic libraries:
0x01330000 - 0x01363000 	C:\Program Files (x86)\Arduino\java\bin\javaw.exe
0x77b00000 - 0x77c8d000 	C:\WINDOWS\SYSTEM32\ntdll.dll
0x778a0000 - 0x77970000 	C:\WINDOWS\System32\KERNEL32.DLL
0x6a230000 - 0x6a25f000 	C:\Program Files\AVAST Software\Avast\aswhookx.dll
0x76310000 - 0x764e7000 	C:\WINDOWS\System32\KERNELBASE.dll
0x76710000 - 0x76788000 	C:\WINDOWS\System32\ADVAPI32.dll
0x761f0000 - 0x762ad000 	C:\WINDOWS\System32\msvcrt.dll
0x760a0000 - 0x760e3000 	C:\WINDOWS\System32\sechost.dll
0x768a0000 - 0x7695e000 	C:\WINDOWS\System32\RPCRT4.dll
0x74520000 - 0x74540000 	C:\WINDOWS\System32\SspiCli.dll
0x74510000 - 0x7451a000 	C:\WINDOWS\System32\CRYPTBASE.dll
0x74540000 - 0x74597000 	C:\WINDOWS\System32\bcryptPrimitives.dll
0x76590000 - 0x76705000 	C:\WINDOWS\System32\USER32.dll
0x758e0000 - 0x758f6000 	C:\WINDOWS\System32\win32u.dll
0x77020000 - 0x77042000 	C:\WINDOWS\System32\GDI32.dll
0x76ac0000 - 0x76c1e000 	C:\WINDOWS\System32\gdi32full.dll
0x76fa0000 - 0x7701c000 	C:\WINDOWS\System32\msvcp_win.dll
0x75f30000 - 0x76047000 	C:\WINDOWS\System32\ucrtbase.dll
0x66e90000 - 0x670a1000 	C:\WINDOWS\WinSxS\x86_microsoft.windows.common-controls_6595b64144ccf1df_6.0.16299.248_none_5d7c08dba7db7edd\COMCTL32.dll
0x76cb0000 - 0x76ef6000 	C:\WINDOWS\System32\combase.dll
0x77130000 - 0x77155000 	C:\WINDOWS\System32\IMM32.DLL
0x61f10000 - 0x61fcf000 	C:\Program Files (x86)\Arduino\java\bin\msvcr100.dll
0x6c770000 - 0x6cb3e000 	C:\Program Files (x86)\Arduino\java\bin\client\jvm.dll
0x76090000 - 0x76096000 	C:\WINDOWS\System32\PSAPI.DLL
0x74240000 - 0x74248000 	C:\WINDOWS\SYSTEM32\WSOCK32.dll
0x76960000 - 0x769c6000 	C:\WINDOWS\System32\WS2_32.dll
0x71b60000 - 0x71b84000 	C:\WINDOWS\SYSTEM32\WINMM.dll
0x73e20000 - 0x73e28000 	C:\WINDOWS\SYSTEM32\VERSION.dll
0x71240000 - 0x71263000 	C:\WINDOWS\SYSTEM32\WINMMBASE.dll
0x76550000 - 0x76588000 	C:\WINDOWS\System32\cfgmgr32.dll
0x63610000 - 0x63640000 	C:\Program Files (x86)\Arduino\java\bin\splashscreen.dll
0x711c0000 - 0x71239000 	C:\WINDOWS\system32\uxtheme.dll
0x75900000 - 0x75a44000 	C:\WINDOWS\System32\MSCTF.dll
0x76f00000 - 0x76f93000 	C:\WINDOWS\System32\OLEAUT32.dll
0x63d10000 - 0x63d1c000 	C:\Program Files (x86)\Arduino\java\bin\verify.dll
0x635e0000 - 0x63601000 	C:\Program Files (x86)\Arduino\java\bin\java.dll
0x10000000 - 0x1023f000 	C:\Program Files (x86)\RivaTuner Statistics Server\RTSSHooks.dll
0x75ee0000 - 0x75f25000 	C:\WINDOWS\System32\SHLWAPI.dll
0x635c0000 - 0x635d3000 	C:\Program Files (x86)\Arduino\java\bin\zip.dll
0x76540000 - 0x7654e000 	C:\WINDOWS\System32\kernel.appcore.dll
0x62e60000 - 0x62ed7000 	C:\WINDOWS\System32\TextInputFramework.dll
0x62fb0000 - 0x631e4000 	C:\WINDOWS\System32\CoreUIComponents.dll
0x76c20000 - 0x76ca8000 	C:\WINDOWS\System32\SHCORE.dll
0x631f0000 - 0x6327c000 	C:\WINDOWS\System32\CoreMessaging.dll
0x70930000 - 0x70958000 	C:\WINDOWS\SYSTEM32\ntmarta.dll
0x65080000 - 0x6514b000 	C:\WINDOWS\SYSTEM32\wintypes.dll
0x71270000 - 0x71293000 	C:\WINDOWS\system32\dwmapi.dll
0x745a0000 - 0x758d3000 	C:\WINDOWS\System32\SHELL32.dll
0x772d0000 - 0x77896000 	C:\WINDOWS\System32\windows.storage.dll
0x764f0000 - 0x76535000 	C:\WINDOWS\System32\powrprof.dll
0x76790000 - 0x767a4000 	C:\WINDOWS\System32\profapi.dll
0x61940000 - 0x619b2000 	C:\Program Files (x86)\Arduino\lib\listSerialsj.dll
0x75ab0000 - 0x75ed6000 	C:\WINDOWS\System32\SETUPAPI.dll
0x635a0000 - 0x635bd000 	C:\Program Files (x86)\Arduino\lib\jnidispatch-4.2.2-win32-x86.dll
0x760f0000 - 0x761e7000 	C:\WINDOWS\System32\Ole32.dll
0x63500000 - 0x63516000 	C:\Program Files (x86)\Arduino\java\bin\net.dll
0x71160000 - 0x711b5000 	C:\WINDOWS\system32\mswsock.dll
0x63d00000 - 0x63d0f000 	C:\Program Files (x86)\Arduino\java\bin\nio.dll
0x51410000 - 0x51555000 	C:\Program Files (x86)\Arduino\java\bin\awt.dll
0x70710000 - 0x707aa000 	C:\WINDOWS\SYSTEM32\apphelp.dll
0x634c0000 - 0x634f9000 	C:\Program Files (x86)\Arduino\java\bin\fontmanager.dll
0x681d0000 - 0x682af000 	C:\WINDOWS\system32\opengl32.dll
0x69d90000 - 0x69db5000 	C:\WINDOWS\SYSTEM32\GLU32.dll
0x62f70000 - 0x62fa2000 	C:\Program Files (x86)\Arduino\java\bin\t2k.dll
0x6bc40000 - 0x6bc62000 	C:\WINDOWS\SYSTEM32\DEVOBJ.dll
0x770e0000 - 0x77126000 	C:\WINDOWS\System32\WINTRUST.dll
0x76890000 - 0x7689e000 	C:\WINDOWS\System32\MSASN1.dll
0x77970000 - 0x77af2000 	C:\WINDOWS\System32\CRYPT32.dll
0x73df0000 - 0x73e20000 	C:\WINDOWS\SYSTEM32\IPHLPAPI.DLL
0x76070000 - 0x76077000 	C:\WINDOWS\System32\NSI.dll
0x6d2f0000 - 0x6d303000 	C:\WINDOWS\SYSTEM32\dhcpcsvc6.DLL
0x6d2d0000 - 0x6d2e4000 	C:\WINDOWS\SYSTEM32\dhcpcsvc.DLL
0x739b0000 - 0x73a44000 	C:\WINDOWS\SYSTEM32\DNSAPI.dll
0x70820000 - 0x70841000 	C:\Program Files (x86)\Bonjour\mdnsNSP.dll
0x707b0000 - 0x707b8000 	C:\Windows\System32\rasadhlp.dll
0x6b730000 - 0x6b77e000 	C:\WINDOWS\System32\fwpuclnt.dll
0x73710000 - 0x73729000 	C:\WINDOWS\SYSTEM32\bcrypt.dll
0x62f00000 - 0x62f69000 	C:\Program Files (x86)\Arduino\msvcp100.dll
0x50020000 - 0x500de000 	C:\Program Files (x86)\Arduino\msvcr100.dll
0x09560000 - 0x09592000 	C:\Program Files (x86)\Arduino\lib\AStylej.dll
0x627f0000 - 0x62814000 	C:\Program Files (x86)\Arduino\java\bin\dcpr.dll
0x77050000 - 0x770d2000 	C:\WINDOWS\System32\clbcatq.dll
0x632b0000 - 0x6341e000 	C:\WINDOWS\SYSTEM32\WindowsCodecs.dll
0x67d90000 - 0x67dd8000 	C:\WINDOWS\system32\dataexchange.dll
0x67b50000 - 0x67d8e000 	C:\WINDOWS\system32\d3d11.dll
0x67a50000 - 0x67b4e000 	C:\WINDOWS\system32\dcomp.dll
0x696b0000 - 0x69743000 	C:\WINDOWS\system32\dxgi.dll
0x67910000 - 0x67a44000 	C:\WINDOWS\system32\twinapi.appcore.dll
0x69670000 - 0x6968a000 	C:\WINDOWS\system32\RMCLIENT.dll
0x73760000 - 0x73773000 	C:\WINDOWS\SYSTEM32\CRYPTSP.dll
0x73730000 - 0x7375f000 	C:\WINDOWS\system32\rsaenh.dll
0x73340000 - 0x73362000 	C:\WINDOWS\SYSTEM32\USERENV.dll
0x77d90000 - 0x77e17000 	C:\Program Files (x86)\Common Files\Microsoft Shared\Ink\tiptsf.dll
0x5a5b0000 - 0x5a731000 	C:\WINDOWS\SYSTEM32\dbghelp.dll

VM Arguments:
jvm_args: -Dsun.java2d.d3d=false -Djna.nosys=true -Djna.nounpack=true -Djna.boot.library.name=jnidispatch-4.2.2-win32-x86 -Djna.boot.library.path=C:\Program Files (x86)\Arduino/lib -Djssc.library.path=C:\Program Files (x86)\Arduino/lib -DAPP_DIR=C:\Program Files (x86)\Arduino -Xms128M -Xmx512M 
java_command: processing.app.Base F:\Users\LastLegion\Desktop\arduino\D-Bot_Marlin_1.1.0\Marlin\Marlin.ino
java_class_path (initial): C:\Program Files (x86)\Arduino\lib\apple.jar;C:\Program Files (x86)\Arduino\lib\arduino-core.jar;C:\Program Files (x86)\Arduino\lib\batik-1.8.jar;C:\Program Files (x86)\Arduino\lib\batik-anim-1.8.jar;C:\Program Files (x86)\Arduino\lib\batik-awt-util-1.8.jar;C:\Program Files (x86)\Arduino\lib\batik-bridge-1.8.jar;C:\Program Files (x86)\Arduino\lib\batik-codec-1.8.jar;C:\Program Files (x86)\Arduino\lib\batik-css-1.8.jar;C:\Program Files (x86)\Arduino\lib\batik-dom-1.8.jar;C:\Program Files (x86)\Arduino\lib\batik-ext-1.8.jar;C:\Program Files (x86)\Arduino\lib\batik-gvt-1.8.jar;C:\Program Files (x86)\Arduino\lib\batik-parser-1.8.jar;C:\Program Files (x86)\Arduino\lib\batik-rasterizer-1.8.jar;C:\Program Files (x86)\Arduino\lib\batik-script-1.8.jar;C:\Program Files (x86)\Arduino\lib\batik-squiggle-1.8.jar;C:\Program Files (x86)\Arduino\lib\batik-svg-dom-1.8.jar;C:\Program Files (x86)\Arduino\lib\batik-svgpp-1.8.jar;C:\Program Files (x86)\Arduino\lib\batik-transcoder-1.8.jar;C:\Program Files (x86)\Arduino\lib\batik-util-1.8.jar;C:\Program Files (x86)\Arduino\lib\batik-xml-1.8.jar;C:\Program Files (x86)\Arduino\lib\bcpg-jdk15on-152.jar;C:\Program Files (x86)\Arduino\lib\bcprov-jdk15on-152.jar;C:\Program Files (x86)\Arduino\lib\commons-codec-1.7.jar;C:\Program Files (x86)\Arduino\lib\commons-compress-1.8.jar;C:\Program Files (x86)\Arduino\lib\commons-exec-1.1.jar;C:\Program Files (x86)\Arduino\lib\commons-httpclient-3.1.jar;C:\Program Files (x86)\Arduino\lib\commons-lang3-3.3.2.jar;C:\Program Files (x86)\Arduino\lib\commons-logging-1.0.4.jar;C:\Program Files (x86)\Arduino\lib\commons-net-3.3.jar;C:\Program Files (x86)\Arduino\lib\jackson-annotations-2.6.3.jar;C:\Program Files (x86)\Arduino\lib\jackson-core-2.6.3.jar;C:\Program Files (x86)\Arduino\lib\jackson-databind-2.6.3.jar;C:\Program Files (x86)\Arduino\lib\jackson-module-mrbean-2.6.3.jar;C:\Program Files (x86)\Arduino\lib\java-semver-0.8.0.jar;C:\Program Files (x86)\Arduino\lib\jmdns-3.5.1.j
Launcher Type: SUN_STANDARD

Environment Variables:
PATH=C:\Windows\system32;C:\Windows;C:\Windows\System32\Wbem;C:\Windows\System32\WindowsPowerShell\v1.0\;C:\Program Files (x86)\NVIDIA Corporation\PhysX\Common;C:\WINDOWS\system32;C:\WINDOWS;C:\WINDOWS\System32\Wbem;C:\WINDOWS\System32\WindowsPowerShell\v1.0\;C:\Program Files (x86)\Skype\Phone\;C:\Users\LastLegion\AppData\Local\Microsoft\WindowsApps;;C:\Program Files (x86)\Arduino\java\bin
USERNAME=LastLegion
OS=Windows_NT
PROCESSOR_IDENTIFIER=Intel64 Family 6 Model 94 Stepping 3, GenuineIntel



---------------  S Y S T E M  ---------------

OS: Windows 10.0 , 64 bit Build 16299 (10.0.16299.15)

CPU:total 8 (initial active 8) (4 cores per cpu, 2 threads per core) family 6 model 94 stepping 3, cmov, cx8, fxsr, mmx, sse, sse2, sse3, ssse3, sse4.1, sse4.2, popcnt, avx, avx2, aes, clmul, erms, rtm, 3dnowpref, lzcnt, ht, tsc, tscinvbit, bmi1, bmi2, adx

Memory: 4k page, physical 16724128k(7906028k free), swap 19738784k(5360276k free)

vm_info: Java HotSpot(TM) Client VM (25.144-b01) for windows-x86 JRE (1.8.0_144-b01), built on Jul 21 2017 21:58:05 by "java_re" with MS VC++ 10.0 (VS2010)

time: Mon Mar 12 19:07:28 2018
elapsed time: 81741 seconds (0d 22h 42m 21s)

